빌드 시작: 2015-12-15 오후 9:24:56
     1>2 노드의 "C:\ComputerGraphicsTermProject\ComputerGraphicsTermProject\ComputerGraphicsTermProject.vcxproj" 프로젝트(Build 대상)입니다.
     1>ClCompile:
         C:\Program Files (x86)\Microsoft Visual Studio 12.0\VC\bin\CL.exe /c /ZI /nologo /W3 /WX- /sdl /Od /Oy- /D WIN32 /D _DEBUG /D _CONSOLE /D _LIB /D _MBCS /Gm /EHsc /RTC1 /MDd /GS /fp:precise /Zc:wchar_t /Zc:forScope /Fo"Debug\\" /Fd"Debug\vc120.pdb" /Gd /TP /analyze- /errorReport:prompt Main.cpp
         Main.cpp
       Link:
         C:\Program Files (x86)\Microsoft Visual Studio 12.0\VC\bin\link.exe /ERRORREPORT:PROMPT /OUT:"C:\ComputerGraphicsTermProject\Debug\ComputerGraphicsTermProject.exe" /INCREMENTAL /NOLOGO kernel32.lib user32.lib gdi32.lib winspool.lib comdlg32.lib advapi32.lib shell32.lib ole32.lib oleaut32.lib uuid.lib odbc32.lib odbccp32.lib /MANIFEST /MANIFESTUAC:"level='asInvoker' uiAccess='false'" /manifest:embed /DEBUG /PDB:"C:\ComputerGraphicsTermProject\Debug\ComputerGraphicsTermProject.pdb" /SUBSYSTEM:CONSOLE /TLBID:1 /DYNAMICBASE /NXCOMPAT /IMPLIB:"C:\ComputerGraphicsTermProject\Debug\ComputerGraphicsTermProject.lib" /MACHINE:X86 Debug\Block_Draw.obj
         Debug\Block_Texture.obj
         Debug\Box_Draw.obj
         Debug\Character_Texture.obj
         Debug\Load_BMP.obj
         Debug\Map_Draw.obj
         Debug\UI_Draw.obj
         Debug\Wall_Texture_Draw.obj
         Debug\Zombie_Texture.obj
         Debug\Main.obj
         ComputerGraphicsTermProject.vcxproj -> C:\ComputerGraphicsTermProject\Debug\ComputerGraphicsTermProject.exe
     1>"C:\ComputerGraphicsTermProject\ComputerGraphicsTermProject\ComputerGraphicsTermProject.vcxproj" 프로젝트를 빌드했습니다(Build 대상).

빌드했습니다.

경과 시간: 00:00:01.55
