c:\computergraphicstermproject\computergraphicstermproject\debug\vc140.pdb
c:\computergraphicstermproject\computergraphicstermproject\debug\vc140.idb
c:\computergraphicstermproject\computergraphicstermproject\debug\block_draw.obj
c:\computergraphicstermproject\computergraphicstermproject\debug\block_texture.obj
c:\computergraphicstermproject\computergraphicstermproject\debug\box_draw.obj
c:\computergraphicstermproject\computergraphicstermproject\debug\character_texture.obj
c:\computergraphicstermproject\computergraphicstermproject\debug\load_bmp.obj
c:\computergraphicstermproject\computergraphicstermproject\debug\map_draw.obj
c:\computergraphicstermproject\computergraphicstermproject\debug\ui_draw.obj
c:\computergraphicstermproject\computergraphicstermproject\debug\wall_texture_draw.obj
c:\computergraphicstermproject\computergraphicstermproject\debug\zombie_texture.obj
c:\computergraphicstermproject\computergraphicstermproject\debug\main.obj
c:\computergraphicstermproject\debug\computergraphicstermproject.pdb
c:\computergraphicstermproject\computergraphicstermproject\debug\computer.8dfb40f9.tlog\cl.command.1.tlog
c:\computergraphicstermproject\computergraphicstermproject\debug\computer.8dfb40f9.tlog\cl.read.1.tlog
c:\computergraphicstermproject\computergraphicstermproject\debug\computer.8dfb40f9.tlog\cl.write.1.tlog
c:\computergraphicstermproject\computergraphicstermproject\debug\computer.8dfb40f9.tlog\link-cvtres.read.1.tlog
c:\computergraphicstermproject\computergraphicstermproject\debug\computer.8dfb40f9.tlog\link-cvtres.write.1.tlog
c:\computergraphicstermproject\computergraphicstermproject\debug\computer.8dfb40f9.tlog\link-rc.read.1.tlog
c:\computergraphicstermproject\computergraphicstermproject\debug\computer.8dfb40f9.tlog\link-rc.write.1.tlog
c:\computergraphicstermproject\computergraphicstermproject\debug\computer.8dfb40f9.tlog\link.command.1.tlog
c:\computergraphicstermproject\computergraphicstermproject\debug\computer.8dfb40f9.tlog\link.read.1.tlog
c:\computergraphicstermproject\computergraphicstermproject\debug\computer.8dfb40f9.tlog\link.write.1.tlog
